0wnpGinih3VSdGk6UlViutsmbZGxobD8S4nTMx+JzsIL8JTV07uGMAC3o6vG5t9X
m2H44VkoyvEDG0jLT2cYNGa43YMKoR5xNN+nYB0Z7M02b8uHe80XVOosZK+JTIfZ
LrzQJL2hdTpQC4K7tGIT2sZC4XiI34Ql36T8GYaplQqnAmAPKpVBpEuPM5ak+KwL
p0yVAUmPryFf09kltcSxXyeO9Lzf5w9ddQRBKtWvsrwvNct+pihc8hHnEYSG1PxC
kJTvHi070KNxL4W/ykdxG3XRB7UpLqPqmSTPJEDhvwEZzoXaRaYP432osyrwc/aE
2lZy22LXVEXxdzHbAnN1kp9RJUsS5DP3stMMbulw5UvbB1u50hPoDYxYx9fMF5Hz
gU0CYGsUlR66AiJTzctK9wRaZEF3dmKJQF8YKd/2Br68oiB3gEah4c/kKiI4QWhM
1t+n/8frnZMNKN0FEKURGxu3Ay7mWetNckvxT/efcQzP+XmUGe8BHjMPDi6LqV+D
3e2L72+CMBchy2xKit9PWYRFzlTGlC47IDjLQQG+FxZpp/N5yG4cxtESf6NIr432
bEztbG/rKonuzeHdyfeqoos9Em/pZ2Pk0n5cUVrPi1Y5bFzMN6M3o14zqzqigIkc
o7Dfa1ZXLS9Y0bJ4KpTfU7uWVGINdcN4DwDUy8sJc1CyhY+cEGmI15+kJouZ70DY
JtDsaUKWIyah5iGov5Ekc/kSbuK89MZaOLA+DKnUUFvAJZ4AzcY094ScbjWeSn1t
oK/kn8pnt+dEdV3TKS+kIaaS5XQsd0qnk8ySasBd0uBLc7DoBlKNXn6pT8B5RrMc
o6wixpjv5TrALxZrUMS9p2lwAut8Rw8ULmp/h/0lfAwEBUELQyIfm05VDOcZSM7t
zy4jnDhL/mDhQpOcw7GIQnWtBH4Sk/Bl1EkGrahaVybM08LKMhwuAiMta/H1K/PL
oZNjVVt1J+QLsEgMWFePc9DoyPU8rvVGJyzmTpHri/TcAh/H51oWYCfyk1HJlbap
s1j9uY3HtRFIpqXX586k0i6y4lOz9fJJyNUpb6JuwH2AoQowkyR9PgdxqzlUnP5q
H0f9LwYPmIesjNY6muIOQhGG3CEJGEBYPB7cvqRVxYQpG17xMoZSRNIHmSWbM2X9
/OOiqxA4S9v+kUgdPdVRM1CLWdd7LPK0iVySa2R6Oc/FLbha6kKmevXKsUGl4rxL
Klp+hOkJe6EjVSDZFpLv2bJbpbXGNls5nKb0kTzm0q1QKVkio/NM2PUAWgNz/Zee
QvCO1ORmWrhG+kojIJ2NEOJJL0tqYviypzBi16DPz5mTk0rJZ8ATsmRm5yGDql2o
/9SecFUtvqw94mEpu47wY08mmpuYJSWtE+CfkSy3DdigeqgF95GwEaQP4i+NCTCj
AZp2tjtQuMxgbA2n9YfpZFxWLdO4Ah2KpFzVs7zuG+QUnHLP7T5I5Nulthiirh0K
LvDeZcys4E2DaZTgGsZlObE5xqU6x/z7+z2Aa974pZBmlbRUII5rE9q/C0mLsFpf
n30UlbNKBaqZTOGlES2Lq7ugDGXAhfYnnNjCPjJN6aCyfFFD9Hikb/keVjmMNEiw
4MWw+EQsRxfs9OTybwUAf8jp1bUREG74Tp7AG1hKvWXjCGQeEyP4VgKckJycdjVp
KG/qX5ePvazUfPPjuKAKlLTXsTsM6tBX332t+5gD19vUAC+v8q+cmjihbzYGtlEo
QB21aQut0SyQuHFOt92WSBn4QmgzzpfQ14fN7Hrnn4UMTISrQk2kvECYnOlfpr4j
1OHmGUD1Za1ogz0MJ7NJU5qRlNC4DKLiVltyf5y0oJONVFrUgyHfSFPkIKpEOpj3
6WD97FYZw/ZX01kH4K30t9lGSKMdXCQGObxX4vlehQmVH1awLzeI2Rk/SLaWXTqZ
z6k+5uL76VSuuLnpHPMPKW8oPI/wSZf05NpYy1nWr8TVyht6QYL29I/nODeynrQz
ihBSwFNkB+7D598QHcGrbqBJHUWhL80BI6tfymNLpuouoUL/nFSvC3RrN4ozfBkY
wvImgzGFeO29dM0d2ylzR7K9celoPxkgrw8kxGNfarjhF+X+EB+ha8IJFhVVa7Jx
qFQW8URCWlLY43wKYa0KeQmOVtVMUD6qD83RC8DlZExelTb8kONxjII0RlCy82UM
8ZSM1ogvhYiNeck+AiuM3Za5QTVoimRQGy8BHU0B6VKy15SJjmoKw3dIEFAstDJ2
v3Wrz4OQ//vOfxkbmy/gWaJ2RBW934XiozKFHgO/JVTWVnKdDlerE+wRjIhzEyuK
S89F52DbU5TSPwc5elzWpNbqY+syUO8FSZ3Aq2+HUerR6h1XAk6La3cVct4UgFsQ
fcWQqXBVErPKfg+FzoKS8lQtwniOEhB9PHaPBFj5fOYNWFujzajmzhT6ktczOkte
gqZS+Hw5Ug/1dzWGOEnAwrNh/bmzifVDRcttRnXcDKomt6LpQ7dmKhAai2XMRAUa
mZPcAvSpK4KMQLmeSXEsdAOS824JEG0xZ816Jx94lFQrEMqIqS9vjErMMXiLxXUz
RDSWnb6GGCU29XFpHQBBSp2Sno+Ytl0vdkL2VqB19UkNIbTsKWiYu4L2R2tG8Nkj
RlmopRUPm6QL5RePtuWvoO5wMl9ip6Vx+cNxGERNe+OrPz15zL93WOK/JqL+4fGz
ASaj0+k57A63/t3mkTWFxK3YB4wEknIWv+rEiEwdmAzjD6Ljin6wEzYzdFfUuSh6
L2Cf4/h4gB4FDeq6JvJeeZ8NFItS1ASpSZ2B5jBd8PUoWIo5+HNXW4JADWoF/OiL
ryZMYyb5hs5ShjlSZKi1jVSkTsJYXGnZs1nUyJFZXMiUgnc8Vgh54JsVmc+A3jJO
daweXvFV7jwdSPGb2I4fW8sfa8Dk+3oavGb6eGRHHW6MTbyrKNWkdi74Qtde/bXK
aF75VRzbZXoLDUERGzNXnOix8eNvmX2pLBtOie+jm8rmSXKFeQ9vPUBFg2NOqC0z
i/+BogVyZc6/X6DrR42QmoV4hRPWlKMap2hH3f2I4GdLigbpNCyL159sCCBnTZcv
+tAFLz4Z7kt8QZR0X0/UL5TRDB+U1xF2GlbtsIpmM7tCxetuGbO6HoajKIeaKvQo
W3W6OGkWznaDjm9lDbey3g6IB/x3ovLIhBw+UUv+NP0Bk6/I268GE+nDP9YAB4Aw
t/7YR0cszQsdnxnEdVxYQ0bGArWFbi+zl91+1qkfkhq82ooruH17yIDyYxjwOwMv
bOSZ5Jyi3PO75k1nQdtkHBAQX3WFhQotKWboeodM8RDIgUeIS7IYy1wfkli4W/Oz
OiDCxWFo5Fvkt+qtQvAYUvctmBQzj8YzPY428ncNJgW3utlIDGYsFPlhFE6WlQuX
KordwzzNztnTKdYHwslMCWA218lNdjVdeaOfafwWAZUpownYeuaiXA7uiiJ4EalU
fR0uCCWURtjWueQ0iZ8NgSUOEKZfqX/G8XVfx0ykuV8fw0zl9+ks7S0tDJvIEu/C
6nqJ6kAt6T22VLc8/6ujK6COGLGDGXataaOodqHerwUYlsbQ/bgAsXAgPZZhU/Ka
47sjsNdw0T/tGNbNRSZKqg2ZDPD6/nAgSbnpqhRjnblT0wBsLP86UvLXnZNFe0kT
Tk0tyt7U1GZj2gzzCkZEVhuYFRj3js/DWg1crwQ2HIeb+QMoPN2nnWAaom8tnMW2
HgWMw5AK8d20EtFwWRi06JpMWx1ToAO2YMVxBwo5eGhM/KxV1LmX5vfcv4yC00Y7
E2LPM0jwK92yQEL3FDJuyDQDfsqHkwlC6E51lB9nAsu8cJSIgSzVHR3ixb3QV5+F
gQ8etolwB61vjllnYWSjdZZ5d+P8zAgnQwiCp6xKTnMGZLUMzERvFUyCGZ2HgSg/
3Jrq00x03n/BMjDI59CmGUZFqljpW25kRnscJPCaQBb31Bi68ZIiryUtYMEaxa7I
EaR+ML4Z9SptQXYGcXxf3TpI21kWeAX2EYSBajSA+ENwmd8iYMd3SqB7C1Vv7ggs
yZ8ucEckvPd9h1eeQ6ObIGe7XyfGxewMJDydmsgtRVzlO2rI3QgrJ/HCMwKQsTJA
QnVnuf6L1Uy2tR/XJupavYZ4i68eMqLRA8KEZY9YxuPzO93iFwdSm6ItmKVQ6367
ZyiMduseRsSannUcOZdQ4IWoGYBSYW9eBDm09W4yRsI5Qtg+d25IIw4dx4NCikA9
WHn/rAkXsjGqQwWJC687yBO2zXMlAwbxoDsHqk47Dttv+yhXgCWufnnJ+PR9Bc15
9LAHedm/qzN36hAHPfGFPEokAvIxDRHRSE9cEagW5cdygAdk6gcQr/VmWIC9xUzL
7gVQQhhvuFOPevfVZ0YT39TXaJnWHuVAZxDARD3g8Tp/NWSi9w+P4U8Ue9Fy+5Mm
B3ogiewvnsNw1Dd6hZ3flOvVwT/uGWktSuCe4QzOyJeuPicHo8d4vykf2WZReCod
MGjNDpMDecBfLha7TqqMVXR9T54QZsZ7cASDthnCwsPUuRvxwydAfiO8gr+xKcoD
YipLADoC9omBvRg+GxWnBOy+zFGqw5gbBk87UFai0qEpaPpCD6mUDzY5EolPNF3H
KCEzwu+tLTZBy2g0xZva4+f7dM7rc+TQXH9yYPLMyJKLYLAeNh/TtkQ7bkf5MsI2
o5YC62a07BGGTHCWGB8sQfBvcYlr+XrZ6JK3aVNW0KX0OGiwm+nh/YqO0oKwVOIO
NXpJLej/xXNnZhwdh/nd5oujTCZmL/g+JcXBJvQBFva4Td6/Si6cqFARvGA+//4u
HMiRjtYcNbqBIB/RVin5LsDEdhXHDuDBfzkihAvpzmPuXGT/eyz8CsQVUAE3nDKA
/e9YvYhQRNIFKP+Y3Ty+QwPUOeBnVIis3/50EclUvpHv76OsQ5Kc2/bJ4jTbyODX
BU6F5GeGZ8DHaMM/EsN+s2+mHEv5C4GryYO+Hp9yc8fila7XHrjyIpPLKj3zKFt+
srE2ytqbIuZzkxski+qsq73aPpCic4MijsaU1ZQj0/A2uQrmrBg62DGPt2DNFcHW
gdNMAGdravD/OLNzQ66nYGPapQGJEjBT3yUxAR7G198cud/0+S5pSYgvx3Jl2bT/
QbeMAF4sIv35PukIrYVP5cQsCU5sHtOiIQ/wzMcjQg7L8Dv8OJ6mr0nDUoWDTMSi
wRlhQ2TiDmUcHo1tHewpc0W8VpQQAotfiSL6ERKuZGDn7weHmCen0L6TEvItXcLC
LmkEoVKg0EYgtEe/n7GuQbonew9MEkwRbe8rpi9+fSk3wpkq5JewT8+XB9JfGaPk
h+9k9Z2OQytIEA+LXJnY6LMBuAme+sYMaYWV5y9RrKevwMyagaYBbNba3UxuFsYU
rvBXfY4ob0ihl+sL4od9+tqB+gqTptoOrclKqwYBWv61E2QJrDyxCPErdERlhN2S
7fc1mvJHG5+yUbw7Yv2vvyjMJNfMXC63DKrDmtrN0nJMObSbQNeRiN3tTtwbE6Ey
rCDXtC7gBR5VuZkSddR7coEvX2gm0dU31bl5b1QcFIF4/GfBxqdZHOJDh0ZZJm7d
qzY5rwfNsnaOZxJ5i384Rpj+PC7rFtfBbr9BcLfEvWpXIQej+ffvy7ZCecpSj3Zg
xtiOSsSSe5cPz1+He9QhWoFYnOKzJu/XXAlBbpSJHBycVrwij4jJ2skNhCik5aIx
1HfjYpT+M5Bq8oDUdETc2cAaYBhuXMHM16Xt8jGTbEYKAwbpZk9hNEf9e5MIISI+
4JSmtZN2A7y7WsZZJQTb3ogca0ML3xeAYSfdQRNb4HzbUEOcwv0GbJ9lNW4ZmudD
3J09HQ0Ho+vgaXBXZUspOhBlrHvx/GT+Ud6D5AW/i2mc0SDDqk90ubd5V9oxZ2p/
LZLBmMz6GkY2wrwAuKGzsRFgZ22ve9YIXOl+omoZkjkFfNLYP0U8f1V/OiruPM/C
ydN36EaYC0g757uAgZybIYPOtTgRaky9IdkkzcSDzg6oc+xoO45UA+cbvdIYhSHv
5RcdhRSja2vZ5YiroMqCR3I7md4JJwvd89P7XOLZ9mjAKjY0c9zRAX++C+idxboD
yaZNS0TvzrSXAyX7P7wp1kygC8grx+02+HwRbD+IiJZLuw97NvovMqOjUBMptdK4
NlJLpnD6FtU06GPwJ7E0uqXeZVCm3FMaosVinT32KNldbV4AAG7Bu57tPPej2zCs
K4INwTeplKGKdsw7yUfqsxfzBOoD/fI6QHCNpdpgElwlyAnL9bd4w2MvJzvOWIXQ
YVnHrldsvY5HRIi6iH0ZnCQKcBECqNK3ZiIJAE4Sg6ySP1G1ZhCwyFF6Pp08K/NX
IPqd5dQcaoRvwStNE9KZebzrEy/LH6Gy4+fniyZRMswqR3U2tYzeAlyC0zCsyHk8
htHaZti0MxBlqqKnPncSXC3QScbhcWR0qy7hQoQaoMRRAS1fXDxKVkDd1qss41Ws
SZzWYMAblrGAQukJuTl8n2hcIzkPyCBv8C+sCF0gzoDV24Lsrx+DstVo+nRyBzQ7
IeHQpfzN8tU/XKC6mTOBmoxu4sqaibSyhXrMYi35+IRdJPNlozgexkgQV4hnZPFu
twPvFUL3ICvmHCqYmH31/DfG9FrlRKLat1leAyQnpoDwi/fSH6T3st3etbLfTMTW
QBv66oFSKCqEojH2wAITV0gLHhGYqM1ViwKs1eABYB1mzYja2q0cptjmp2w96ZBw
fTbQHfCsB/JcOy6suzkhLahOY2z96rV4rFYU8dIcenZqL0cqXGpJR+gaqSrtP0kI
XwkavUF22rbUCBOuZU9NZcFmQMyc8NV6fbKJ10zrWYumqR1kSEt1r6a3JXo7GuNQ
gyHmQ0hVvgBMkv9bmkSkoBNuXWTwtfCbhAm+QlyHIdWV70Zt/2PS2u0/NSa2hvLr
1RE1i+xNiTmp/G5Thpc+boAlE2cnjzoSMQHARvyM9YfvYSUIXqUB38h1xOe/BH5c
80Ou5dbefXZul0vN6+Qpd99bXTmicbO9RyMWbJt2b9R5+3S43R1cijbX9MMpbGKp
xr+h5ShLez40R8SWsq3SfRkO2Pze2mhZO9Kj398JTktAjtTMmE86QSO6nfCbVxaS
qQ99Z12OTpDVXoUANOUxX2+qQ2Fa0urrj5Lnh8kMz7aDGseZZM0vpDR7FfMavnC9
RYEFat0EnbfozVWdAZEFoZMSQcmDASnC3CC8srfW8Gk6m2xVmzvSnllMmo5uRTcG
w8xfeWvUCBMTFzlnzY/B4vA1WolK9j/cDYBG1p32ao2PHep8C7bch/AOLZ7VaAUd
0dPYKwRBAXlWXb11DKhHVriOSvsZpnbUnws3B/n/HctfR39TGdgb0o5ohPr5bP9/
BDP6dr+6Uhhd6mAvLywUuyfsTBugCOzspAQYnoj4zs5DQlKHuQ/3LwM2nWYzUseW
KJGMZ167ukmD4legQsoHEo6PRtCj/AjduW3DhtJd85Z5wqQGkrs9jd0rOlnEbc+T
1jyugDTCmzXNHoOCMSja/MgeTksGIDE0hv1UqghSHgVolKWaW1t5rB0L9nKRT78g
EQ97uvhd3O4S5UL3GDRinsrkhZYDAJvRluPlQdjPYovTOm4cU0k++dVeiEfYkxLC
VvcqK+QNgzJckQKu9Xkrt3MPZyWJOQf42Oc9qCQ6+/e7K0Zo1UjXnCrKhmQzHTCr
sC5A3788vDvgQDbU4l+G/HSevcAAsddvsJLQl6wCxQzIfq3NbXD0JZ1o3fh2eh4T
xGAELR1j9EHBwtbZt43vJzPPk91ntnAtT+nzkxra3OXMdAS2jgIbeNyXBN16WcSY
gA0o9+f5WC8TVYMJ9oUvn/YW+Zn3dXuoE/C8ncA9uHmdiQFfHH/cfVFqZ1Fkvy4q
xjKZOtWKrNyJynEu4luEWjzbatoFowbkccCkpiLtDMGOjPy/zT3/Uy0qzG8oCniH
Gl5c0TUeZKGTSiqcZAb1Ye1cMZpSBYV4lo61fGDGlB/rVBQ/riok0E6q0vSf7rCc
Wkb2Jqj668KT33cc3r1InOVTovsIRGhSGwKuTyvgBibUiGFGx0fRR7YuAgHxVXrQ
6mOblI2xGr7M2xLeDcJVZYzeJSBk7YTBTkYr04ulVAM8ES57S3FgtE5joP11A880
wiWCYThZ3T6aq25DFNUCzSOBOKfwWcHBPqkYPoTLPkT9O46rnJGB7tE67WoBD3K0
MrpN4kppTjSLU53bOHeZMDXnI3OffeYWPHIlzz4hqtfM8VhZjUiE3SsykeIbOCxw
z5/+RqAWZt2VkJZ0RQ6cRPKK4DG5U82UR7GeXY5M4/8VwrRpyy+Mz9jmok+K9dNU
vw2ZJmo6IdiJQppNW+YvzwKz8ftJyQ3YY4Jusb7PHHVeBohUQ7Ah8L/lQAAEVhF4
8M8odCko2h3G0mwF/PuyiU72DcPD27onMGMC8wx5b21Xg8zWh1W6lR8EF2u2TvVr
D/Zoulfi8LD/0Z8frnLcquifsI2uSOJpEw5OtEGyIIefzi99u+LUaxBGoVbccE+b
mdJQvFfWyu+UWdNPGpRGsgKITIY4snnlpq0DqnmIDUWZJ/7WReLCswHMuusHmT65
H5gi1sX5rZ02Gk7+gFun0qqcV72nhPr+qvxcNeEX2D/52eSy9wCAiiktqSlJncbE
gIL57avDVuRjliCwt0W7SqgPubpT4k46m+TCmXol1XA6m3qN7riIjMQ4/xHpD9ph
55st8b8gI9S6orS2CV4tRUIprMjUwcT/RbmA2TiCwRdApEoJCjdC+lsQ7Eoeb1Y3
Jii9LzuGeHJ24wKOj/UKNZ6KSc9egP+k1pG9yXJ/nujfR4nmeFKrXKf4dvcjIa2Z
SjsDdKYuNwx1qmDPMWMzVwKbeLYZJ7TItBvJLIGUu85R1jJ5PQ+kH+tFteEqrU+K
ldkWHOT6qJpHOB5d84KOkuRGU3TYZudlgLb4PqLISPYIrrm+CwZoTAMdQzBQUzHH
WIXWTGMM1WDiZTRjGCS/nh3J67Ia3mNEYdFCN6AE9q+3WQXlG2fX2+cdCz7E/nyi
XasrW2jmHu82Zvn30osbP+rMSQkJZ4vq9Ha/oH+W8gNNq4E5XuCGqqXFgSMjHsx5
FSAOYQCVG628a8XRjat0nHi3SLqQ497JI2vTaaVPaLkitthUhF5tkUO/yur3J/RP
PDJi+dYiLWlmfupqfE6ZkeGlZ/8SvdiPCIpoKHZ20opdWnvkTmyLrWvxM0TimMB0
PDA2FPfytqKc1swLxU2V83gz/jXNHng2hO8to6wWFk0lH4gzf+iWhCKXPh6Ccm3a
IJG1byYEefuf9pDcAz12dFwMmemZuxtKlIaniC8mBwXmRqYHmnoz0wQqIUJFwbda
x11hNF4jbyanBnUznRivPtokhsFf71i1REIiF3O4wE8BllftBZFAyN6E43YJvcMq
h8NhggmAlJ7rAowOOG6liioCAYUO7lKkfPXfOiy4YtrclZ2G33VG21kUt0FiaR4U
7Y6CPijPsEAQtD2LtEbww+GljqNvuqntMkvqXVTscwbLvsAZR/ZVYBtSL/2V3Xa3
k7+DT05QAmsA3VNEVSTTcBiCGqdvkhkPIpe4epbg+9ghF0OCRSUNQWdGaIpuqMbo
EiF/2jb1d+6BjH5U0vSE9jND6cuvRXJuvtdK4LgdO0wg3l9Qxf5QBLKfkxrGncwv
PXM8cqg69DmvOW/K0tPomG1lpeXHMhMeqyca+omKrBgh4Tcp2HvSsbYOWzZf1kNh
XEGQ43uoctSCHqBv8+Q+sCaoF+khKZ3WBoSZCaTYA/12pa76MFGBQKxW0YPzilmU
7Sx4XHrtqRb6+4ml0EUdPvnHLGKlYlfKPiBrR98QYgCHqe+s2YQQ2/1AGbGJ8vej
qD5bTJiq2Fqys2Dt4Mpw31695QMja+mdg4PuLbvF9XofzdVPuoexvfX710XGDnUg
cG841sNkthr5n/wABevnEj9Vh9VYBzafgZOT/RZ50RUT24QTQ5uoL3J7xUAXpIJN
+ExduasfW/whMUuzASr+OyL26w4gjIks8Efc/d6vBdY0+TCP7d3/FrmJtLrDHGix
CvGlf8fX8kfvvS6CFyKaifH7NBFEQDi9d6tuqyKqy5RtgBz9udfM86e4dQeB/oyf
6uPJxIZCfkqNs0n7SV7ASX621HlMBoeJ9nUJVlDB4Z2NISqf8DRSB37wjyb5sBao
rhTeJleYt5kuVhIj0eQtkXM4vs9D5Tucj4k/HPdw5CHIxwg29P2tFZrCecVhWfqb
RNvuYOhluDTEaZT7am1LOx62gGZs1jOTsghVNT9pX61twIhZXXXQ+dWw3YkE+Ws1
L4a0h6uy3KtqXjikrBerw72i6pvLJtiP342hXJhAZCglaAlwdav2t/2yHvthKrYS
nQqreiuK1X7hBYwvYM0dR76Lp1sMmIYC6FcHVXx9TrPantL90L/dnfUK5lsxcrCd
GbzdPAclRed+pXHxAVOotqmHJX70k47RaiH2OW21LHh5U3snhobJsW4RPu+ownxb
2sMXOQa8VVH2krCmwhBBRPLFHLt5khTFAkHN94CcdknRS5qoYe1vZMqbmoOSUc75
iHIPyJBoNpuv75Wcq+Nsm5TioCwV8DletN2xauVmSPG98Zf6oQOnmDohgAH0T52c
j8n4+MRfmonix9InvL5ymY8JOH5UQg27e0dI1EWhYrDQWEmlfyjjQQz9DqOV0CAl
O1Y4rHKwDm0bnXCWMOO4y7VLJiqUjoYXqJz04lRVSppDTjH+rCzMIUD/Xn3Hp7aP
FMqb7Xjym5J2MGxLzUeNtaZLLoTj5qnnxIoRvzbpkJryVi3LWzIzOYQ5ykvnp0Sw
gH8Svo7keAGIPV8ipCErleJjJRGDZtrRMaY6dMAxzJuds6jXH7QsYEH8IKaAK1PE
r4I5ZFwAAMEmu1UySMpoNEUXHQQGnNtlHi3epCKlNAPEVUGHwbZR2CpXUoug1NoY
D4MzK58bNs+p71wQNZPSokuPifmUK4AvGOIWfbxgmWSqwovWR891aaayXpZAZRWM
lqLK3jKqkHm8nqYEK6nGef/6TtpjwPRRCsww/OmcVRKfD8puBwSws+dfycfkuKVt
gCV535nYHufJJRNvjRgypZxJl3xweLle5r7P/8rZSMXBIEwWDibRNisAk4DKJnoc
IVNbbDDy9e5QpPORdI+PN8LR8Uva3uMK0prrlz+QiCESIdPUhwdTgpbNsxB3ZQHL
e8y0zUf2RtnWeRSZo3kDiuCGsy05eiOGOVkoZEW8HElsuOciPlAFgbbcL9Ox4ca0
FBFKgnZXpVPV1hufL7IEu555EtgZ1fTw6O/60p8i1MOKyrQMbj4D15bmewLizKAm
F5ccDTWM1rxYqZGDGekIIvWE+ABeXMSUH7Elx1GhvWW122oBUGEzw0rbeTcGzFSf
gqOE0siXbrsP4M7E7IFxSNFYB4VTmvYX3xpMHfJ04q1dqT1f860MhJgAxjqJ4IKy
MfZYEzCxXXp5xgmTFJeUS4oBfr/FT4TWUKkEYkBGa0qaHs35IlhsH6qeDaVXTYix
SKtvz+xsmCHippymUQwEWBQI4gB/ZnXQvemqqygnQWfibSd/YRL+Y1Ky2QK6bNfm
tlzw1nV1i1nZK1eFYayd7kZpFJuldp5D9dccz+/XWf6+zAbvVS71V5zgaBJvoQOH
h5c/Y71zrRmFPnK50uxfDw1HOEAX6CPTxXA5u1JEeIUFOfjEySarNJjru85+Mp3a
2XghSXtVIizqGA1QGRXZkbusVe7S4619xrK2aan5CJ5Y2A7QCjpg1LXRvEgdIYHC
ezHWw2pI+H9x9c9+0t0I3gWlZgnSIx9wUqm81AvkszxNRz6BrmDRU31CA4SECSId
Dk1lZcqlDQP5QKjsLZ7qIT5Aj6tvlkmYCGoHotweMl17Il7q5r1aB4jYiYKlmg4S
Fqq6yokGszQ6gPYRVch/kT6sNiZFMV2BSD1Ymtkk9NzHXXlxyh8d2EYj/m953mmD
K752RTixaKXtsCGVvPRjpUqhXpZp6kydtKephvR9bGPsAeyNAYPPy7DAFdr3jxYL
l8zapT7jbpog30A9Py6WDGEVr8KfRMRt8KVRezK3VoRTkjCnh3o9z9WqefH9H0Fw
8pjyr6uMrLeOvzunUd/q3UQHuPT+Xvd6x/SQ4KSGoEuTGWhf1ykW08V/J2zm67Zx
BpQ4+C+wiVS6GEgkApat11C1Yc8ndc47r/VyCS4UQYiWoroHpYeMHkI9CYH+y9y/
WXrMzq91omv8/jnjIKfVA5wkK4M5W61MNzzfehNRs8MjdxbjGUbrfV7gjAWafHF9
gZdI9GnU95BdQFLO/x7GY6hQTVRJt06CypU/q2R9eZ0lJSF6AGPZpWzfFkaB4u44
T3ZIiBEyKlWleFYsUXv0j44VNNIRFd5uQH66gXS8gojgzusV243rc7EGe2fknJou
ZoznxSzziFjn+TOxseOOc8vUZiFOMwGn0wBLFHXqdVjv0TYk3KXsTHp/YkbVVaXK
7tPqgneHyyYv/NpyvTFJdjzFVj9DWMPbGnxzmlANbm4GGqySf2bjXOxOYXLgn926
74T43sOuZ+WIH0S8OhnEQVDEfYeksrpw+qakhD3cdGT5hq73oUNNWWIbsUhdiPmY
IsQTHGklSpy8QrIGcohsNQlCTIzNMdT9Bs/uRs7lz6r5nQEpGXY8Vutghq4/Xlnc
eu57TtMeZSQknqGN7jTpk3zeALqEUjC5ltEUKQlIDdaglXXBzT/BXoBXpgTeDzOJ
